c 
c Mallob -- a parallel and distributed platform for job scheduling, load balancing, and SAT solving
c Designed by P. Sanders and D. Schreiber 2018-2022
c Developed by D. Schreiber 2019-2022
c 
c 0.000 0 Program options: -0o=0 -J=1 -T=0 -ajpc=0 -ans=0 -appmode=thread -ba=4 -bicg=4 -c=1 -cbbs=1500 -cbdf=1 -cfci=20 -cg=1 -ch=0 -chaf=5 -checksums=0 -chstms=10 -cmp=0 -colors=0 -dc=0 -ddd=0 -delaymonkey=0 -derandomize=1 -evu=0 -fapii=0 -g=0 -gclls=0 -h=0 -hbbfs=10 -hubfs=9999999 -huca=-1 -iff=0 -inotify=1 -interface-fs=0 -interface-ipc=0 -isp=0 -jc=4 -jcl=0 -jcup=0 -jjp=0 -jwl=0 -l=1 -latencymonkey=0 -ljpc=32 -mbfsd=4 -mbt=1000000 -mcips=10 -md=0 -mid=0 -mjps=0 -mlbdps=8 -mlpt=50000000 -mmpi=0 -mono=/rundir/test.cnf -nce=20 -os=0 -p=0.01 -phasediv=1 -pls=0 -pph=0 -q=0 -qcll=8 -qlbdl=2 -ril=0 -rpa=0 -rs=1 -rto=0 -s=1 -satsolver=c -scll=30 -seed=0 -sjd=0 -slbdl=30 -sleep=1000 -t=2 -trace-dir=. -v=2 -w=-1 -wam=10000 -warmup=0 -watchdog=1 -wr=0 -y=1 -yield=0 
c 0.001 0 [WARN] Num bounce alternatives must be at most half the number of workers!
c 0.001 0 [WARN] Falling back to safe value r=1.
c 0.001 0 Set up API at src/interface/api/api_connector.hpp
c 0.001 1 [WARN] Num bounce alternatives must be at most half the number of workers!
c 0.001 1 [WARN] Falling back to safe value r=1.
c 0.002 0 Machine color 0 with 1 total workers (my rank: 0)
c 0.002 1 Machine color 1 with 1 total workers (my rank: 0)
c 0.003 0 Introducing job #1 rev. 0 : r.#1:0 rev. 0 <- [0] born=0.003 hops=0 epoch=-1 => [1]
c 0.004 1 BLC insert (1,1,0.010)
c 0.015 0 BLC insert (1,2,1.000)
c 0.023 0 #1:0 : found result SAT => [0]
c 0.023 0 END S0 pps:0 dcs:0 cfs:0 rst:0 prod:0 (flt:0 adm:0 drp:0) recv:0 (flt:0 digd:0 drp:0) + intim:0/0
c 0.023 0 END S0 clenhist prod total:0 0
c 0.023 0 END S0 clenhist digd total:0 0
c 0.023 0 BLC insert (1,0,0.000)
c 0.023 0 END S1 pps:0 dcs:0 cfs:0 rst:0 prod:0 (flt:0 adm:0 drp:0) recv:0 (flt:0 digd:0 drp:0) + intim:0/0
c 0.023 0 END S1 clenhist prod total:0 0
c 0.023 0 END S1 clenhist digd total:0 0
c 0.023 0 END pps:0 dcs:0 cfs:0 rst:0 prod:0 (flt:0 adm:0 drp:0) recv:0 (flt:0 digd:0 drp:0) + intim:0/0
c 0.023 0 END exp:0/0 drp:0(0.000000) pflt:0 sflt:0
c 0.023 0 clenhist prod total:0 0
c 0.023 0 clenhist flfl total:0 0
c 0.023 0 clenhist admt total:0 0
c 0.023 0 clenhist drpd total:0 0
c 0.023 0 clenhist dltd total:0 0
c 0.023 0 clenhist retd total:0 0
c 0.024 0 END S0 pps:0 dcs:0 cfs:0 rst:0 prod:0 (flt:0 adm:0 drp:0) recv:0 (flt:0 digd:0 drp:0) + intim:0/0
c 0.024 0 END S0 clenhist prod total:0 0
c 0.024 0 END S0 clenhist digd total:0 0
c 0.024 0 END S1 pps:0 dcs:0 cfs:0 rst:0 prod:0 (flt:0 adm:0 drp:0) recv:0 (flt:0 digd:0 drp:0) + intim:0/0
c 0.024 0 END S1 clenhist prod total:0 0
c 0.024 0 END S1 clenhist digd total:0 0
c 0.024 0 END pps:0 dcs:0 cfs:0 rst:0 prod:0 (flt:0 adm:0 drp:0) recv:0 (flt:0 digd:0 drp:0) + intim:0/0
c 0.024 0 END exp:0/0 drp:0(0.000000) pflt:0 sflt:0
c 0.024 0 clenhist prod total:0 0
c 0.024 0 clenhist flfl total:0 0
c 0.024 0 clenhist admt total:0 0
c 0.024 0 clenhist drpd total:0 0
c 0.024 0 clenhist dltd total:0 0
c 0.024 0 clenhist retd total:0 0
c 0.027 0 RESPONSE_TIME #1 0.023757 rev. 0
c 0.027 0 SOLUTION #1 SAT rev. 0
s SATISFIABLE
v -1 -2 -3 0
c 0.028 0 Terminating.
